
ROM used:   4568/8192 (56%)
            4674/8192 (57%) including unused fragments

            1.3 Average locations per line
            21.1 Average locations per statement

RAM used:   36/368 (10%) at main() level
            95/368 (26%) worst case

Stack used: 5 worst case (5 in main + 0 for interrupts)
Stack size: 8

Lines Stmts  %   Files
----- ----- ---  -----
  123    66  31  main.c
   10     0   0  main.h
  708     0   0  C:\Program Files (x86)\PICC\Devices\16F877A.h
  106    62  29  keypad5x5.h
  249    88  41  lcd.h
 2228     0   0  C:\Program Files (x86)\PICC\Drivers\math.h
----- -----
 3424   216 Total

Page ROM  %  RAM    Vol Diff  Functions:
---- --- --- ---    --- ----  ----------
 Inline         1             @delay_ms1
0     33   1    0    147  1.8  _KhoiTaoBanPhim
0     71   2    1    475  3.3  _CoPhimNhaHayChua
0     74   2    1    547  3.8  _QuetCot
0      9   0    0             @goto36923
0    153   3   27   1192  6.6  _QuetPhimNhan
1    447  10   20   1121 10.1  CEIL_FLOOR
0     63   1   10             @FLT
0     31   1    4             @SFTOI
0     29   1    2             @ITOF
0    117   3   13             @MULFF
0    369   8   26             @ADDFF
 Inline         4     43  2.1  floor
 Inline         4     44  1.9  ceil
1    202   4   16    259  6.9  fmod
0    202   4   14             @DIVFF
1    515  11   22   1071  8.0  exp
0     37   1    2             @SITOF
1    454  10   25    979 10.0  log
1    383   8   12    581  7.5  pow
0     21   0    1             @delay_ms2
0      8   0    0             @const873
0     58   1    2    594  4.3  lcd_init
 Inline         3    620  3.8  lcd_read_byte
0     49   1    2    204  3.2  lcd_read_nibble
0     87   2    3    313  3.4  lcd_send_byte
0     43   1    1    336  1.9  lcd_send_nibble
0     35   1    4    335  5.5  lcd_gotoxy
0     36   1    1    275  3.9  lcd_putc
0      8   0    1     35  1.7  _CharToNumber
2    578  13   19   2293 11.4  MAIN
0      6   0    0             @const891
0     86   2    4             @PSTRINGC7_870
0     24   1    2             @PSTRINGR_870
0      5   0    0             @const899
 Inline         5             @FTOSD
0     79   2   13             @DIV3232
0    224   5   13             @PRINTF_L32D_870FPFPF
0      3   0    0             @const911
0      5   0    0    100  2.1  @const914
0     20   0    0    100  2.1  _ReturnStart
 Inline         0    100  2.1  @cinit1

Program metrics:
    Functions               23
    Statements              216
    Comments                301
    Volume (V)              19777
    Difficulty (D)          106.7
    Effort to implement (E) 2110530
    Time to implement (T)   32 hours, 34 minutes
    Est Delivered Bugs (B)  5
    Cyclomatic Complexity   59
    Maintainability (MI)    68

 Segment     Used  Free
-----------  ----  ----
00000-00003     4  0  
00004-007FF  1985  59  
00800-00FFF  2001  47  
01000-017FF   578  1470  
01800-01FFF     0  2048  



